<?xml version="1.0" encoding="UTF-8"?>
<!-- Generated by org.testng.reporters.JUnitReportReporter -->
<testsuite hostname="Desktop-307" failures="0" tests="2" name="webelement.LoginOrangeHRM" time="3.715" errors="0" timestamp="2022-12-19T18:55:04 IST" skipped="0">
  <testcase classname="webelement.LoginOrangeHRM" name="login" time="0.682"/>
  <system-out/>
  <testcase classname="webelement.LoginOrangeHRM" name="adminPage" time="3.033"/>
  <system-out/>
</testsuite> <!-- webelement.LoginOrangeHRM -->
